#
# There is insufficient memory for the Java Runtime Environment to continue.
# Native memory allocation (malloc) failed to allocate 1713200 bytes. Error detail: Chunk::new
# Possible reasons:
#   The system is out of physical RAM or swap space
#   This process is running with CompressedOops enabled, and the Java Heap may be blocking the growth of the native heap
# Possible solutions:
#   Reduce memory load on the system
#   Increase physical memory or swap space
#   Check if swap backing store is full
#   Decrease Java heap size (-Xmx/-Xms)
#   Decrease number of Java threads
#   Decrease Java thread stack sizes (-Xss)
#   Set larger code cache with -XX:ReservedCodeCacheSize=
#   JVM is running with Zero Based Compressed Oops mode in which the Java heap is
#     placed in the first 32GB address space. The Java Heap base address is the
#     maximum limit for the native heap growth. Please use -XX:HeapBaseMinAddress
#     to set the Java Heap base and to place the Java Heap above 32GB virtual address.
# This output file may be truncated or incomplete.
#
#  Out of Memory Error (arena.cpp:150), pid=16928, tid=19728
#
# JRE version: Java(TM) SE Runtime Environment (22.0+36) (build 22+36-2370)
# Java VM: Java HotSpot(TM) 64-Bit Server VM (22+36-2370, mixed mode, sharing, tiered, compressed oops, compressed class ptrs, g1 gc, windows-amd64)
# No core dump will be written. Minidumps are not enabled by default on client versions of Windows
#

---------------  S U M M A R Y ------------

Command Line: --add-opens=java.base/java.lang=ALL-UNNAMED --add-opens=java.base/java.lang.invoke=ALL-UNNAMED --add-opens=java.base/java.util=ALL-UNNAMED --add-opens=java.prefs/java.util.prefs=ALL-UNNAMED --add-exports=jdk.compiler/com.sun.tools.javac.api=ALL-UNNAMED --add-exports=jdk.compiler/com.sun.tools.javac.util=ALL-UNNAMED --add-opens=java.base/java.util=ALL-UNNAMED --add-opens=java.prefs/java.util.prefs=ALL-UNNAMED --add-opens=java.base/java.nio.charset=ALL-UNNAMED --add-opens=java.base/java.net=ALL-UNNAMED --add-opens=java.base/java.util.concurrent.atomic=ALL-UNNAMED --add-opens=java.xml/javax.xml.namespace=ALL-UNNAMED -XX:MaxMetaspaceSize=4G -XX:ReservedCodeCacheSize=512m -XX:+HeapDumpOnOutOfMemoryError -Xmx8G -Dfile.encoding=UTF-8 -Duser.country=US -Duser.language=en -Duser.variant -javaagent:C:\Users\USER\.gradle\wrapper\dists\gradle-8.14-all\c2qonpi39x1mddn7hk5gh9iqj\gradle-8.14\lib\agents\gradle-instrumentation-agent-8.14.jar org.gradle.launcher.daemon.bootstrap.GradleDaemon 8.14

Host: 11th Gen Intel(R) Core(TM) i3-1115G4 @ 3.00GHz, 4 cores, 7G,  Windows 11 , 64 bit Build 26100 (10.0.26100.7623)
Time: Fri Jan 16 08:51:57 2026 Nepal Standard Time elapsed time: 79.366849 seconds (0d 0h 1m 19s)

---------------  T H R E A D  ---------------

Current thread (0x0000023be6f4bc60):  JavaThread "C2 CompilerThread0" daemon [_thread_in_native, id=19728, stack(0x00000085dd300000,0x00000085dd400000) (1024K)]


Current CompileTask:
C2:79367 21424       4       org.objectweb.asm.ClassReader::accept (1419 bytes)

Stack: [0x00000085dd300000,0x00000085dd400000]
Native frames: (J=compiled Java code, j=interpreted, Vv=VM code, C=native code)
V  [jvm.dll+0x6e2349]  (no source info available)
V  [jvm.dll+0x874ed3]  (no source info available)
V  [jvm.dll+0x8772fe]  (no source info available)
V  [jvm.dll+0x8779d3]  (no source info available)
V  [jvm.dll+0x27fcb6]  (no source info available)
V  [jvm.dll+0xc3d0f]  (no source info available)
V  [jvm.dll+0xc3f6b]  (no source info available)
V  [jvm.dll+0x3bb05c]  (no source info available)
V  [jvm.dll+0x387abb]  (no source info available)
V  [jvm.dll+0x386f2a]  (no source info available)
V  [jvm.dll+0x247908]  (no source info available)
V  [jvm.dll+0x246faf]  (no source info available)
V  [jvm.dll+0x1c4e90]  (no source info available)
V  [jvm.dll+0x25699e]  (no source info available)
V  [jvm.dll+0x254c5a]  (no source info available)
V  [jvm.dll+0x3f5426]  (no source info available)
V  [jvm.dll+0x81d50b]  (no source info available)
V  [jvm.dll+0x6e09e5]  (no source info available)
C  [ucrtbase.dll+0x37b0]  (no source info available)
C  [KERNEL32.DLL+0x2e8d7]  (no source info available)
C  [ntdll.dll+0x8c53c]  (no source info available)


---------------  P R O C E S S  ---------------

Threads class SMR info:
_java_thread_list=0x0000023c4211d8a0, length=89, elements={
0x0000023bb0518850, 0x0000023be6f41e90, 0x0000023be6f43810, 0x0000023be6f46fa0,
0x0000023be6f47a00, 0x0000023be6f48460, 0x0000023be6f48ec0, 0x0000023be6f4bc60,
0x0000023be6f9d020, 0x0000023be7339380, 0x0000023be7552f50, 0x0000023c2df0c110,
0x0000023c2e069280, 0x0000023c2e02e790, 0x0000023c2e163990, 0x0000023c2e1b2d00,
0x0000023c2e18deb0, 0x0000023c2e08ba60, 0x0000023c2e0885e0, 0x0000023c2e08b3d0,
0x0000023c2e088c70, 0x0000023c2e089300, 0x0000023c2e08a6b0, 0x0000023c2e089990,
0x0000023c2e08ad40, 0x0000023be73a69d0, 0x0000023be73a8aa0, 0x0000023be73a9130,
0x0000023be73a7d80, 0x0000023be73a8410, 0x0000023be73a6340, 0x0000023be73a9e50,
0x0000023be73a76f0, 0x0000023be73ab200, 0x0000023be73ad2d0, 0x0000023be73ac5b0,
0x0000023c320a9720, 0x0000023c320aa440, 0x0000023c320aaad0, 0x0000023c320a9090,
0x0000023c320ab160, 0x0000023c320ab7f0, 0x0000023c320ac510, 0x0000023c320abe80,
0x0000023c320acba0, 0x0000023c320a9db0, 0x0000023c320b0020, 0x0000023c320ad8c0,
0x0000023c320ae5e0, 0x0000023c320aec70, 0x0000023c320af990, 0x0000023be73a7060,
0x0000023be73acc40, 0x0000023c32477950, 0x0000023c32478670, 0x0000023c32477fe0,
0x0000023c324765a0, 0x0000023c324751f0, 0x0000023c32478d00, 0x0000023c32475880,
0x0000023c32479390, 0x0000023c32475f10, 0x0000023c3247a0b0, 0x0000023c32476c30,
0x0000023c3247a740, 0x0000023c3247add0, 0x0000023c3247c810, 0x0000023c3247b460,
0x0000023c3247c180, 0x0000023c2ff01ad0, 0x0000023c2ff01440, 0x0000023c2ff03ba0,
0x0000023c2ff027f0, 0x0000023c2ff02160, 0x0000023c2ff03510, 0x0000023c2ff02e80,
0x0000023c2ff04230, 0x0000023c2ff06990, 0x0000023c342c9300, 0x0000023c342c9990,
0x0000023c33161a20, 0x0000023c42dcd4c0, 0x0000023c42dcad60, 0x0000023c42dcce30,
0x0000023c42dca040, 0x0000023c42dcc7a0, 0x0000023c42dcba80, 0x0000023c42dcdb50,
0x0000023c41dae020
}

Java Threads: ( => current thread )
  0x0000023bb0518850 JavaThread "main"                              [_thread_blocked, id=18448, stack(0x00000085dc500000,0x00000085dc600000) (1024K)]
  0x0000023be6f41e90 JavaThread "Reference Handler"          daemon [_thread_blocked, id=18520, stack(0x00000085dcd00000,0x00000085dce00000) (1024K)]
  0x0000023be6f43810 JavaThread "Finalizer"                  daemon [_thread_blocked, id=7524, stack(0x00000085dce00000,0x00000085dcf00000) (1024K)]
  0x0000023be6f46fa0 JavaThread "Signal Dispatcher"          daemon [_thread_blocked, id=11044, stack(0x00000085dcf00000,0x00000085dd000000) (1024K)]
  0x0000023be6f47a00 JavaThread "Attach Listener"            daemon [_thread_blocked, id=18744, stack(0x00000085dd000000,0x00000085dd100000) (1024K)]
  0x0000023be6f48460 JavaThread "Service Thread"             daemon [_thread_blocked, id=17312, stack(0x00000085dd100000,0x00000085dd200000) (1024K)]
  0x0000023be6f48ec0 JavaThread "Monitor Deflation Thread"   daemon [_thread_blocked, id=18128, stack(0x00000085dd200000,0x00000085dd300000) (1024K)]
=>0x0000023be6f4bc60 JavaThread "C2 CompilerThread0"         daemon [_thread_in_native, id=19728, stack(0x00000085dd300000,0x00000085dd400000) (1024K)]
  0x0000023be6f9d020 JavaThread "C1 CompilerThread0"         daemon [_thread_blocked, id=7440, stack(0x00000085dd400000,0x00000085dd500000) (1024K)]
  0x0000023be7339380 JavaThread "Common-Cleaner"             daemon [_thread_blocked, id=13184, stack(0x00000085dd500000,0x00000085dd600000) (1024K)]
  0x0000023be7552f50 JavaThread "Notification Thread"        daemon [_thread_blocked, id=8152, stack(0x00000085dd600000,0x00000085dd700000) (1024K)]
  0x0000023c2df0c110 JavaThread "Daemon health stats"               [_thread_blocked, id=15660, stack(0x00000085ddb00000,0x00000085ddc00000) (1024K)]
  0x0000023c2e069280 JavaThread "Incoming local TCP Connector on port 56512"        [_thread_in_native, id=24260, stack(0x00000085dda00000,0x00000085ddb00000) (1024K)]
  0x0000023c2e02e790 JavaThread "Daemon periodic checks"            [_thread_blocked, id=23312, stack(0x00000085ddc00000,0x00000085ddd00000) (1024K)]
  0x0000023c2e163990 JavaThread "Daemon"                            [_thread_blocked, id=7848, stack(0x00000085ddd00000,0x00000085dde00000) (1024K)]
  0x0000023c2e1b2d00 JavaThread "Handler for socket connection from /127.0.0.1:56512 to /127.0.0.1:56515"        [_thread_in_native, id=4348, stack(0x00000085dde00000,0x00000085ddf00000) (1024K)]
  0x0000023c2e18deb0 JavaThread "Cancel handler"                    [_thread_blocked, id=4196, stack(0x00000085ddf00000,0x00000085de000000) (1024K)]
  0x0000023c2e08ba60 JavaThread "Daemon worker"                     [_thread_in_Java, id=16880, stack(0x00000085de000000,0x00000085de100000) (1024K)]
  0x0000023c2e0885e0 JavaThread "Asynchronous log dispatcher for DefaultDaemonConnection: socket connection from /127.0.0.1:56512 to /127.0.0.1:56515"        [_thread_blocked, id=23360, stack(0x00000085de100000,0x00000085de200000) (1024K)]
  0x0000023c2e08b3d0 JavaThread "Stdin handler"                     [_thread_blocked, id=23708, stack(0x00000085de200000,0x00000085de300000) (1024K)]
  0x0000023c2e088c70 JavaThread "Daemon client event forwarder"        [_thread_blocked, id=24020, stack(0x00000085de300000,0x00000085de400000) (1024K)]
  0x0000023c2e089300 JavaThread "Cache worker for journal cache (C:\Users\USER\.gradle\caches\journal-1)"        [_thread_blocked, id=20904, stack(0x00000085de400000,0x00000085de500000) (1024K)]
  0x0000023c2e08a6b0 JavaThread "File lock request listener"        [_thread_in_native, id=7820, stack(0x00000085de500000,0x00000085de600000) (1024K)]
  0x0000023c2e089990 JavaThread "Cache worker for file hash cache (C:\Users\USER\.gradle\caches\8.14\fileHashes)"        [_thread_blocked, id=20124, stack(0x00000085de600000,0x00000085de700000) (1024K)]
  0x0000023c2e08ad40 JavaThread "Cache worker for file hash cache (C:\Users\USER\OneDrive\Documents\Developer\Flutter\softbuzz_app\softbuzz_app\android\.gradle\8.14\fileHashes)"        [_thread_blocked, id=2668, stack(0x00000085de800000,0x00000085de900000) (1024K)]
  0x0000023be73a69d0 JavaThread "Cache worker for Build Output Cleanup Cache (C:\Users\USER\OneDrive\Documents\Developer\Flutter\softbuzz_app\softbuzz_app\android\.gradle\buildOutputCleanup)"        [_thread_blocked, id=16744, stack(0x00000085de900000,0x00000085dea00000) (1024K)]
  0x0000023be73a8aa0 JavaThread "File watcher server"        daemon [_thread_in_native, id=18116, stack(0x00000085de700000,0x00000085de800000) (1024K)]
  0x0000023be73a9130 JavaThread "File watcher consumer"      daemon [_thread_blocked, id=19432, stack(0x00000085dea00000,0x00000085deb00000) (1024K)]
  0x0000023be73a7d80 JavaThread "jar transforms"                    [_thread_blocked, id=22896, stack(0x00000085dec00000,0x00000085ded00000) (1024K)]
  0x0000023be73a8410 JavaThread "jar transforms Thread 2"           [_thread_blocked, id=22392, stack(0x00000085ded00000,0x00000085dee00000) (1024K)]
  0x0000023be73a6340 JavaThread "Cache worker for checksums cache (C:\Users\USER\OneDrive\Documents\Developer\Flutter\softbuzz_app\softbuzz_app\android\.gradle\8.14\checksums)"        [_thread_blocked, id=23876, stack(0x00000085dee00000,0x00000085def00000) (1024K)]
  0x0000023be73a9e50 JavaThread "Cache worker for file content cache (C:\Users\USER\.gradle\caches\8.14\fileContent)"        [_thread_blocked, id=4436, stack(0x00000085deb00000,0x00000085dec00000) (1024K)]
  0x0000023be73a76f0 JavaThread "Cache worker for cache directory md-supplier (C:\Users\USER\.gradle\caches\8.14\md-supplier)"        [_thread_blocked, id=15892, stack(0x00000085df000000,0x00000085df100000) (1024K)]
  0x0000023be73ab200 JavaThread "Cache worker for cache directory md-rule (C:\Users\USER\.gradle\caches\8.14\md-rule)"        [_thread_blocked, id=24588, stack(0x00000085df100000,0x00000085df200000) (1024K)]
  0x0000023be73ad2d0 JavaThread "Cache worker for Build Output Cleanup Cache (C:\Users\USER\Downloads\flutter_windows_3.35.7-stable\flutter\packages\flutter_tools\gradle\.gradle\buildOutputCleanup)"        [_thread_blocked, id=21828, stack(0x00000085df200000,0x00000085df300000) (1024K)]
  0x0000023be73ac5b0 JavaThread "Unconstrained build operations"        [_thread_blocked, id=16976, stack(0x00000085df300000,0x00000085df400000) (1024K)]
  0x0000023c320a9720 JavaThread "Unconstrained build operations Thread 2"        [_thread_blocked, id=12772, stack(0x00000085df400000,0x00000085df500000) (1024K)]
  0x0000023c320aa440 JavaThread "Unconstrained build operations Thread 3"        [_thread_blocked, id=14376, stack(0x00000085df500000,0x00000085df600000) (1024K)]
  0x0000023c320aaad0 JavaThread "Unconstrained build operations Thread 4"        [_thread_blocked, id=10992, stack(0x00000085df600000,0x00000085df700000) (1024K)]
  0x0000023c320a9090 JavaThread "Unconstrained build operations Thread 5"        [_thread_blocked, id=24456, stack(0x00000085df700000,0x00000085df800000) (1024K)]
  0x0000023c320ab160 JavaThread "Unconstrained build operations Thread 6"        [_thread_blocked, id=21044, stack(0x00000085df800000,0x00000085df900000) (1024K)]
  0x0000023c320ab7f0 JavaThread "Unconstrained build operations Thread 7"        [_thread_blocked, id=15800, stack(0x00000085df900000,0x00000085dfa00000) (1024K)]
  0x0000023c320ac510 JavaThread "Unconstrained build operations Thread 8"        [_thread_blocked, id=14404, stack(0x00000085dfa00000,0x00000085dfb00000) (1024K)]
  0x0000023c320abe80 JavaThread "Unconstrained build operations Thread 9"        [_thread_blocked, id=16148, stack(0x00000085dfb00000,0x00000085dfc00000) (1024K)]
  0x0000023c320acba0 JavaThread "Memory manager"                    [_thread_blocked, id=23280, stack(0x00000085dfc00000,0x00000085dfd00000) (1024K)]
  0x0000023c320a9db0 JavaThread "build event listener"              [_thread_blocked, id=6504, stack(0x00000085dfd00000,0x00000085dfe00000) (1024K)]
  0x0000023c320b0020 JavaThread "included builds"                   [_thread_blocked, id=17764, stack(0x00000085dfe00000,0x00000085dff00000) (1024K)]
  0x0000023c320ad8c0 JavaThread "Execution worker"                  [_thread_blocked, id=14600, stack(0x00000085dff00000,0x00000085e0000000) (1024K)]
  0x0000023c320ae5e0 JavaThread "Execution worker Thread 2"         [_thread_blocked, id=19880, stack(0x00000085e0000000,0x00000085e0100000) (1024K)]
  0x0000023c320aec70 JavaThread "Execution worker Thread 3"         [_thread_blocked, id=21768, stack(0x00000085e0100000,0x00000085e0200000) (1024K)]
  0x0000023c320af990 JavaThread "Cache worker for execution history cache (C:\Users\USER\Downloads\flutter_windows_3.35.7-stable\flutter\packages\flutter_tools\gradle\.gradle\8.14\executionHistory)"        [_thread_blocked, id=15148, stack(0x00000085e0200000,0x00000085e0300000) (1024K)]
  0x0000023be73a7060 JavaThread "Unconstrained build operations Thread 10"        [_thread_blocked, id=23972, stack(0x00000085e0300000,0x00000085e0400000) (1024K)]
  0x0000023be73acc40 JavaThread "Unconstrained build operations Thread 11"        [_thread_blocked, id=22564, stack(0x00000085e0400000,0x00000085e0500000) (1024K)]
  0x0000023c32477950 JavaThread "Unconstrained build operations Thread 12"        [_thread_blocked, id=16764, stack(0x00000085e0500000,0x00000085e0600000) (1024K)]
  0x0000023c32478670 JavaThread "Unconstrained build operations Thread 13"        [_thread_blocked, id=20948, stack(0x00000085e0600000,0x00000085e0700000) (1024K)]
  0x0000023c32477fe0 JavaThread "Unconstrained build operations Thread 14"        [_thread_blocked, id=16840, stack(0x00000085e0700000,0x00000085e0800000) (1024K)]
  0x0000023c324765a0 JavaThread "Unconstrained build operations Thread 15"        [_thread_blocked, id=22576, stack(0x00000085e0800000,0x00000085e0900000) (1024K)]
  0x0000023c324751f0 JavaThread "Unconstrained build operations Thread 16"        [_thread_blocked, id=24620, stack(0x00000085e0900000,0x00000085e0a00000) (1024K)]
  0x0000023c32478d00 JavaThread "Unconstrained build operations Thread 17"        [_thread_blocked, id=15820, stack(0x00000085e0a00000,0x00000085e0b00000) (1024K)]
  0x0000023c32475880 JavaThread "Unconstrained build operations Thread 18"        [_thread_blocked, id=6752, stack(0x00000085e0b00000,0x00000085e0c00000) (1024K)]
  0x0000023c32479390 JavaThread "Unconstrained build operations Thread 19"        [_thread_blocked, id=24868, stack(0x00000085e0c00000,0x00000085e0d00000) (1024K)]
  0x0000023c32475f10 JavaThread "Unconstrained build operations Thread 20"        [_thread_blocked, id=460, stack(0x00000085e0d00000,0x00000085e0e00000) (1024K)]
  0x0000023c3247a0b0 JavaThread "WorkerExecutor Queue"              [_thread_blocked, id=22244, stack(0x00000085e0e00000,0x00000085e0f00000) (1024K)]
  0x0000023c32476c30 JavaThread "RMI Scheduler(0)"           daemon [_thread_blocked, id=18984, stack(0x00000085e0f00000,0x00000085e1000000) (1024K)]
  0x0000023c3247a740 JavaThread "RMI GC Daemon"              daemon [_thread_blocked, id=1388, stack(0x00000085e1100000,0x00000085e1200000) (1024K)]
  0x0000023c3247add0 JavaThread "RMI TCP Accept-0"           daemon [_thread_in_native, id=23920, stack(0x00000085e1200000,0x00000085e1300000) (1024K)]
  0x0000023c3247c810 JavaThread "RMI Reaper"                        [_thread_blocked, id=10080, stack(0x00000085e1300000,0x00000085e1400000) (1024K)]
  0x0000023c3247b460 JavaThread "RMI TCP Connection(idle)"   daemon [_thread_blocked, id=13880, stack(0x00000085e1400000,0x00000085e1500000) (1024K)]
  0x0000023c3247c180 JavaThread "Unconstrained build operations Thread 21"        [_thread_blocked, id=5284, stack(0x00000085def00000,0x00000085df000000) (1024K)]
  0x0000023c2ff01ad0 JavaThread "Unconstrained build operations Thread 22"        [_thread_blocked, id=13112, stack(0x00000085e1000000,0x00000085e1100000) (1024K)]
  0x0000023c2ff01440 JavaThread "Unconstrained build operations Thread 23"        [_thread_blocked, id=24116, stack(0x00000085e1500000,0x00000085e1600000) (1024K)]
  0x0000023c2ff03ba0 JavaThread "Unconstrained build operations Thread 24"        [_thread_blocked, id=4216, stack(0x00000085e1600000,0x00000085e1700000) (1024K)]
  0x0000023c2ff027f0 JavaThread "Unconstrained build operations Thread 25"        [_thread_blocked, id=24956, stack(0x00000085e1700000,0x00000085e1800000) (1024K)]
  0x0000023c2ff02160 JavaThread "Unconstrained build operations Thread 26"        [_thread_blocked, id=16004, stack(0x00000085e1800000,0x00000085e1900000) (1024K)]
  0x0000023c2ff03510 JavaThread "Unconstrained build operations Thread 27"        [_thread_blocked, id=15652, stack(0x00000085e1a00000,0x00000085e1b00000) (1024K)]
  0x0000023c2ff02e80 JavaThread "Unconstrained build operations Thread 28"        [_thread_blocked, id=12060, stack(0x00000085e1b00000,0x00000085e1c00000) (1024K)]
  0x0000023c2ff04230 JavaThread "Unconstrained build operations Thread 29"        [_thread_blocked, id=20920, stack(0x00000085e1c00000,0x00000085e1d00000) (1024K)]
  0x0000023c2ff06990 JavaThread "build event listener"              [_thread_blocked, id=20240, stack(0x00000085e1900000,0x00000085e1a00000) (1024K)]
  0x0000023c342c9300 JavaThread "jar transforms Thread 3"           [_thread_blocked, id=7696, stack(0x00000085dc400000,0x00000085dc500000) (1024K)]
  0x0000023c342c9990 JavaThread "Unconstrained build operations Thread 30"        [_thread_blocked, id=21432, stack(0x00000085e1f00000,0x00000085e2000000) (1024K)]
  0x0000023c33161a20 JavaThread "Unconstrained build operations Thread 31"        [_thread_blocked, id=8144, stack(0x00000085e2000000,0x00000085e2100000) (1024K)]
  0x0000023c42dcd4c0 JavaThread "Unconstrained build operations Thread 32"        [_thread_blocked, id=20172, stack(0x00000085e2100000,0x00000085e2200000) (1024K)]
  0x0000023c42dcad60 JavaThread "Unconstrained build operations Thread 33"        [_thread_blocked, id=21500, stack(0x00000085e2200000,0x00000085e2300000) (1024K)]
  0x0000023c42dcce30 JavaThread "Unconstrained build operations Thread 34"        [_thread_blocked, id=8308, stack(0x00000085e2300000,0x00000085e2400000) (1024K)]
  0x0000023c42dca040 JavaThread "Unconstrained build operations Thread 35"        [_thread_blocked, id=20984, stack(0x00000085e2400000,0x00000085e2500000) (1024K)]
  0x0000023c42dcc7a0 JavaThread "Unconstrained build operations Thread 36"        [_thread_in_native, id=520, stack(0x00000085dc300000,0x00000085dc400000) (1024K)]
  0x0000023c42dcba80 JavaThread "Unconstrained build operations Thread 37"        [_thread_in_Java, id=17228, stack(0x00000085e2500000,0x00000085e2600000) (1024K)]
  0x0000023c42dcdb50 JavaThread "Unconstrained build operations Thread 38"        [_thread_in_Java, id=25332, stack(0x00000085e2600000,0x00000085e2700000) (1024K)]
  0x0000023c41dae020 JavaThread "C2 CompilerThread1"         daemon [_thread_in_native, id=13484, stack(0x00000085e2700000,0x00000085e2800000) (1024K)]
Total: 89

Other Threads:
  0x0000023be6f232f0 VMThread "VM Thread"                           [id=20928, stack(0x00000085dcc00000,0x00000085dcd00000) (1024K)]
  0x0000023be6f0d740 WatcherThread "VM Periodic Task Thread"        [id=22320, stack(0x00000085dcb00000,0x00000085dcc00000) (1024K)]
  0x0000023bb27d46e0 WorkerThread "GC Thread#0"                     [id=2108, stack(0x00000085dc600000,0x00000085dc700000) (1024K)]
  0x0000023be764a300 WorkerThread "GC Thread#1"                     [id=22284, stack(0x00000085dd700000,0x00000085dd800000) (1024K)]
  0x0000023be7655710 WorkerThread "GC Thread#2"                     [id=15744, stack(0x00000085dd800000,0x00000085dd900000) (1024K)]
  0x0000023c2d4c18e0 WorkerThread "GC Thread#3"                     [id=928, stack(0x00000085dd900000,0x00000085dda00000) (1024K)]
  0x0000023bb27e74a0 ConcurrentGCThread "G1 Main Marker"            [id=16684, stack(0x00000085dc700000,0x00000085dc800000) (1024K)]
  0x0000023bb27e8570 WorkerThread "G1 Conc#0"                       [id=16036, stack(0x00000085dc800000,0x00000085dc900000) (1024K)]
  0x0000023be6dd8690 ConcurrentGCThread "G1 Refine#0"               [id=22852, stack(0x00000085dc900000,0x00000085dca00000) (1024K)]
  0x0000023be6ddafd0 ConcurrentGCThread "G1 Service"                [id=19696, stack(0x00000085dca00000,0x00000085dcb00000) (1024K)]
Total: 10

Threads with active compile tasks:
C2 CompilerThread0  79454 21424       4       org.objectweb.asm.ClassReader::accept (1419 bytes)
C2 CompilerThread1  79454 21434       4       java.lang.String::split (8 bytes)
Total: 2

VM state: not at safepoint (normal execution)

VM Mutex/Monitor currently owned by a thread: None

Heap address: 0x0000000600000000, size: 8192 MB, Compressed Oops mode: Zero based, Oop shift amount: 3

CDS archive(s) mapped at: [0x0000023be8000000-0x0000023be8c60000-0x0000023be8c60000), size 12976128, SharedBaseAddress: 0x0000023be8000000, ArchiveRelocationMode: 1.
Compressed class space mapped at: 0x0000023be9000000-0x0000023c29000000, reserved size: 1073741824
Narrow klass base: 0x0000023be8000000, Narrow klass shift: 0, Narrow klass range: 0x41000000

GC Precious Log:
 CardTable entry size: 512
 Card Set container configuration: InlinePtr #cards 4 size 8 Array Of Cards #cards 32 size 80 Howl #buckets 8 coarsen threshold 7372 Howl Bitmap #cards 1024 size 144 coarsen threshold 921 Card regions per heap region 1 cards per card region 8192
 CPUs: 4 total, 4 available
 Memory: 7834M
 Large Page Support: Disabled
 NUMA Support: Disabled
 Compressed Oops: Enabled (Zero based)
 Heap Region Size: 4M
 Heap Min Capacity: 8M
 Heap Initial Capacity: 124M
 Heap Max Capacity: 8G
 Pre-touch: Disabled
 Parallel Workers: 4
 Concurrent Workers: 1
 Concurrent Refinement Workers: 4
 Periodic GC: Disabled

Heap:
 garbage-first heap   total reserved 8388608K, committed 499712K, used 385152K [0x0000000600000000, 0x0000000800000000)
  region size 4096K, 43 young (176128K), 3 survivors (12288K)
 Metaspace       used 171170K, committed 174208K, reserved 1245184K
  class space    used 23188K, committed 24640K, reserved 1048576K

Heap Regions: E=young(eden), S=young(survivor), O=old, HS=humongous(starts), HC=humongous(continues), CS=collection set, F=free, TAMS=top-at-mark-start, PB=parsable bottom
|   0|0x0000000600000000, 0x0000000600400000, 0x0000000600400000|100%|HS|  |TAMS 0x0000000600000000| PB 0x0000000600000000| Complete |  0
|   1|0x0000000600400000, 0x0000000600800000, 0x0000000600800000|100%| O|  |TAMS 0x0000000600400000| PB 0x0000000600400000| Untracked |  0
|   2|0x0000000600800000, 0x0000000600c00000, 0x0000000600c00000|100%| O|  |TAMS 0x0000000600800000| PB 0x0000000600800000| Untracked |  0
|   3|0x0000000600c00000, 0x0000000601000000, 0x0000000601000000|100%| O|  |TAMS 0x0000000600c00000| PB 0x0000000600c00000| Untracked |  0
|   4|0x0000000601000000, 0x0000000601400000, 0x0000000601400000|100%| O|  |TAMS 0x0000000601000000| PB 0x0000000601000000| Untracked |  0
|   5|0x0000000601400000, 0x0000000601800000, 0x0000000601800000|100%| O|  |TAMS 0x0000000601400000| PB 0x0000000601400000| Untracked |  0
|   6|0x0000000601800000, 0x0000000601c00000, 0x0000000601c00000|100%| O|  |TAMS 0x0000000601800000| PB 0x0000000601800000| Untracked |  0
|   7|0x0000000601c00000, 0x0000000602000000, 0x0000000602000000|100%| O|  |TAMS 0x0000000601c00000| PB 0x0000000601c00000| Untracked |  0
|   8|0x0000000602000000, 0x0000000602400000, 0x0000000602400000|100%| O|  |TAMS 0x0000000602000000| PB 0x0000000602000000| Untracked |  0
|   9|0x0000000602400000, 0x0000000602800000, 0x0000000602800000|100%| O|  |TAMS 0x0000000602400000| PB 0x0000000602400000| Untracked |  0
|  10|0x0000000602800000, 0x0000000602c00000, 0x0000000602c00000|100%|HS|  |TAMS 0x0000000602800000| PB 0x0000000602800000| Complete |  0
|  11|0x0000000602c00000, 0x0000000603000000, 0x0000000603000000|100%| O|  |TAMS 0x0000000602c00000| PB 0x0000000602c00000| Untracked |  0
|  12|0x0000000603000000, 0x0000000603400000, 0x0000000603400000|100%|HS|  |TAMS 0x0000000603000000| PB 0x0000000603000000| Complete |  0
|  13|0x0000000603400000, 0x0000000603800000, 0x0000000603800000|100%| O|  |TAMS 0x0000000603400000| PB 0x0000000603400000| Untracked |  0
|  14|0x0000000603800000, 0x0000000603c00000, 0x0000000603c00000|100%| O|  |TAMS 0x0000000603800000| PB 0x0000000603800000| Untracked |  0
|  15|0x0000000603c00000, 0x0000000604000000, 0x0000000604000000|100%| O|  |TAMS 0x0000000603c00000| PB 0x0000000603c00000| Untracked |  0
|  16|0x0000000604000000, 0x0000000604400000, 0x0000000604400000|100%| O|  |TAMS 0x0000000604000000| PB 0x0000000604000000| Untracked |  0
|  17|0x0000000604400000, 0x0000000604800000, 0x0000000604800000|100%| O|  |TAMS 0x0000000604400000| PB 0x0000000604400000| Untracked |  0
|  18|0x0000000604800000, 0x0000000604c00000, 0x0000000604c00000|100%| O|  |TAMS 0x0000000604800000| PB 0x0000000604800000| Untracked |  0
|  19|0x0000000604c00000, 0x0000000605000000, 0x0000000605000000|100%| O|  |TAMS 0x0000000604c00000| PB 0x0000000604c00000| Untracked |  0
|  20|0x0000000605000000, 0x0000000605400000, 0x0000000605400000|100%| O|  |TAMS 0x0000000605000000| PB 0x0000000605000000| Untracked |  0
|  21|0x0000000605400000, 0x0000000605800000, 0x0000000605800000|100%| O|  |TAMS 0x0000000605400000| PB 0x0000000605400000| Untracked |  0
|  22|0x0000000605800000, 0x0000000605c00000, 0x0000000605c00000|100%| O|  |TAMS 0x0000000605800000| PB 0x0000000605800000| Untracked |  0
|  23|0x0000000605c00000, 0x0000000606000000, 0x0000000606000000|100%| O|  |TAMS 0x0000000605c00000| PB 0x0000000605c00000| Untracked |  0
|  24|0x0000000606000000, 0x0000000606400000, 0x0000000606400000|100%| O|  |TAMS 0x0000000606000000| PB 0x0000000606000000| Untracked |  0
|  25|0x0000000606400000, 0x0000000606800000, 0x0000000606800000|100%| O|  |TAMS 0x0000000606400000| PB 0x0000000606400000| Untracked |  0
|  26|0x0000000606800000, 0x0000000606c00000, 0x0000000606c00000|100%| O|  |TAMS 0x0000000606800000| PB 0x0000000606800000| Untracked |  0
|  27|0x0000000606c00000, 0x0000000607000000, 0x0000000607000000|100%| O|  |TAMS 0x0000000606c00000| PB 0x0000000606c00000| Untracked |  0
|  28|0x0000000607000000, 0x0000000607400000, 0x0000000607400000|100%| O|  |TAMS 0x0000000607000000| PB 0x0000000607000000| Untracked |  0
|  29|0x0000000607400000, 0x0000000607800000, 0x0000000607800000|100%| O|  |TAMS 0x0000000607400000| PB 0x0000000607400000| Untracked |  0
|  30|0x0000000607800000, 0x0000000607c00000, 0x0000000607c00000|100%| O|  |TAMS 0x0000000607800000| PB 0x0000000607800000| Untracked |  0
|  31|0x0000000607c00000, 0x0000000608000000, 0x0000000608000000|100%| O|  |TAMS 0x0000000607c00000| PB 0x0000000607c00000| Untracked |  0
|  32|0x0000000608000000, 0x0000000608400000, 0x0000000608400000|100%| O|  |TAMS 0x0000000608000000| PB 0x0000000608000000| Untracked |  0
|  33|0x0000000608400000, 0x0000000608800000, 0x0000000608800000|100%| O|  |TAMS 0x0000000608400000| PB 0x0000000608400000| Untracked |  0
|  34|0x0000000608800000, 0x0000000608c00000, 0x0000000608c00000|100%| O|  |TAMS 0x0000000608800000| PB 0x0000000608800000| Untracked |  0
|  35|0x0000000608c00000, 0x0000000609000000, 0x0000000609000000|100%| O|  |TAMS 0x0000000608c00000| PB 0x0000000608c00000| Untracked |  0
|  36|0x0000000609000000, 0x0000000609400000, 0x0000000609400000|100%| O|  |TAMS 0x0000000609000000| PB 0x0000000609000000| Untracked |  0
|  37|0x0000000609400000, 0x0000000609800000, 0x0000000609800000|100%|HS|  |TAMS 0x0000000609400000| PB 0x0000000609400000| Complete |  0
|  38|0x0000000609800000, 0x0000000609c00000, 0x0000000609c00000|100%|HC|  |TAMS 0x0000000609800000| PB 0x0000000609800000| Complete |  0
|  39|0x0000000609c00000, 0x000000060a000000, 0x000000060a000000|100%| O|  |TAMS 0x0000000609c00000| PB 0x0000000609c00000| Untracked |  0
|  40|0x000000060a000000, 0x000000060a000000, 0x000000060a400000|  0%| F|  |TAMS 0x000000060a000000| PB 0x000000060a000000| Untracked |  0
|  41|0x000000060a400000, 0x000000060a400000, 0x000000060a800000|  0%| F|  |TAMS 0x000000060a400000| PB 0x000000060a400000| Untracked |  0
|  42|0x000000060a800000, 0x000000060a800000, 0x000000060ac00000|  0%| F|  |TAMS 0x000000060a800000| PB 0x000000060a800000| Untracked |  0
|  43|0x000000060ac00000, 0x000000060b000000, 0x000000060b000000|100%| O|  |TAMS 0x000000060ac00000| PB 0x000000060ac00000| Untracked |  0
|  44|0x000000060b000000, 0x000000060b400000, 0x000000060b400000|100%| O|  |TAMS 0x000000060b000000| PB 0x000000060b000000| Untracked |  0
|  45|0x000000060b400000, 0x000000060b800000, 0x000000060b800000|100%| O|  |TAMS 0x000000060b400000| PB 0x000000060b400000| Untracked |  0
|  46|0x000000060b800000, 0x000000060bc00000, 0x000000060bc00000|100%| O|  |TAMS 0x000000060b800000| PB 0x000000060b800000| Untracked |  0
|  47|0x000000060bc00000, 0x000000060c000000, 0x000000060c000000|100%| O|  |TAMS 0x000000060bc00000| PB 0x000000060bc00000| Untracked |  0
|  48|0x000000060c000000, 0x000000060c400000, 0x000000060c400000|100%| O|  |TAMS 0x000000060c000000| PB 0x000000060c000000| Untracked |  0
|  49|0x000000060c400000, 0x000000060c800000, 0x000000060c800000|100%| O|  |TAMS 0x000000060c400000| PB 0x000000060c400000| Untracked |  0
|  50|0x000000060c800000, 0x000000060cc00000, 0x000000060cc00000|100%| O|  |TAMS 0x000000060c800000| PB 0x000000060c800000| Untracked |  0
|  51|0x000000060cc00000, 0x000000060d000000, 0x000000060d000000|100%| O|  |TAMS 0x000000060cc00000| PB 0x000000060cc00000| Untracked |  0
|  52|0x000000060d000000, 0x000000060d400000, 0x000000060d400000|100%| O|  |TAMS 0x000000060d000000| PB 0x000000060d000000| Untracked |  0
|  53|0x000000060d400000, 0x000000060d800000, 0x000000060d800000|100%| O|  |TAMS 0x000000060d400000| PB 0x000000060d400000| Untracked |  0
|  54|0x000000060d800000, 0x000000060daf6610, 0x000000060dc00000| 74%| O|  |TAMS 0x000000060d800000| PB 0x000000060d800000| Untracked |  0
|  55|0x000000060dc00000, 0x000000060dc00000, 0x000000060e000000|  0%| F|  |TAMS 0x000000060dc00000| PB 0x000000060dc00000| Untracked |  0
|  56|0x000000060e000000, 0x000000060e000000, 0x000000060e400000|  0%| F|  |TAMS 0x000000060e000000| PB 0x000000060e000000| Untracked |  0
|  57|0x000000060e400000, 0x000000060e800000, 0x000000060e800000|100%| O|  |TAMS 0x000000060e400000| PB 0x000000060e400000| Untracked |  0
|  58|0x000000060e800000, 0x000000060ec00000, 0x000000060ec00000|100%| O|  |TAMS 0x000000060e800000| PB 0x000000060e800000| Untracked |  0
|  59|0x000000060ec00000, 0x000000060ec00000, 0x000000060f000000|  0%| F|  |TAMS 0x000000060ec00000| PB 0x000000060ec00000| Untracked |  0
|  60|0x000000060f000000, 0x000000060f129ae0, 0x000000060f400000| 29%| S|CS|TAMS 0x000000060f000000| PB 0x000000060f000000| Complete |  0
|  61|0x000000060f400000, 0x000000060f800000, 0x000000060f800000|100%| S|CS|TAMS 0x000000060f400000| PB 0x000000060f400000| Complete |  0
|  62|0x000000060f800000, 0x000000060fc00000, 0x000000060fc00000|100%| S|CS|TAMS 0x000000060f800000| PB 0x000000060f800000| Complete |  0
|  63|0x000000060fc00000, 0x000000060fc00000, 0x0000000610000000|  0%| F|  |TAMS 0x000000060fc00000| PB 0x000000060fc00000| Untracked |  0
|  64|0x0000000610000000, 0x0000000610000000, 0x0000000610400000|  0%| F|  |TAMS 0x0000000610000000| PB 0x0000000610000000| Untracked |  0
|  65|0x0000000610400000, 0x0000000610400000, 0x0000000610800000|  0%| F|  |TAMS 0x0000000610400000| PB 0x0000000610400000| Untracked |  0
|  66|0x0000000610800000, 0x0000000610800000, 0x0000000610c00000|  0%| F|  |TAMS 0x0000000610800000| PB 0x0000000610800000| Untracked |  0
|  67|0x0000000610c00000, 0x0000000610c00000, 0x0000000611000000|  0%| F|  |TAMS 0x0000000610c00000| PB 0x0000000610c00000| Untracked |  0
|  68|0x0000000611000000, 0x0000000611000000, 0x0000000611400000|  0%| F|  |TAMS 0x0000000611000000| PB 0x0000000611000000| Untracked |  0
|  69|0x0000000611400000, 0x0000000611400000, 0x0000000611800000|  0%| F|  |TAMS 0x0000000611400000| PB 0x0000000611400000| Untracked |  0
|  70|0x0000000611800000, 0x0000000611800000, 0x0000000611c00000|  0%| F|  |TAMS 0x0000000611800000| PB 0x0000000611800000| Untracked |  0
|  71|0x0000000611c00000, 0x0000000611c00000, 0x0000000612000000|  0%| F|  |TAMS 0x0000000611c00000| PB 0x0000000611c00000| Untracked |  0
|  72|0x0000000612000000, 0x0000000612000000, 0x0000000612400000|  0%| F|  |TAMS 0x0000000612000000| PB 0x0000000612000000| Untracked |  0
|  73|0x0000000612400000, 0x0000000612400000, 0x0000000612800000|  0%| F|  |TAMS 0x0000000612400000| PB 0x0000000612400000| Untracked |  0
|  74|0x0000000612800000, 0x0000000612800000, 0x0000000612c00000|  0%| F|  |TAMS 0x0000000612800000| PB 0x0000000612800000| Untracked |  0
|  75|0x0000000612c00000, 0x0000000612c00000, 0x0000000613000000|  0%| F|  |TAMS 0x0000000612c00000| PB 0x0000000612c00000| Untracked |  0
|  76|0x0000000613000000, 0x0000000613000000, 0x0000000613400000|  0%| F|  |TAMS 0x0000000613000000| PB 0x0000000613000000| Untracked |  0
|  77|0x0000000613400000, 0x0000000613400000, 0x0000000613800000|  0%| F|  |TAMS 0x0000000613400000| PB 0x0000000613400000| Untracked |  0
|  78|0x0000000613800000, 0x0000000613800000, 0x0000000613c00000|  0%| F|  |TAMS 0x0000000613800000| PB 0x0000000613800000| Untracked |  0
|  79|0x0000000613c00000, 0x0000000613c00000, 0x0000000614000000|  0%| F|  |TAMS 0x0000000613c00000| PB 0x0000000613c00000| Untracked |  0
|  80|0x0000000614000000, 0x0000000614000000, 0x0000000614400000|  0%| F|  |TAMS 0x0000000614000000| PB 0x0000000614000000| Untracked |  0
|  81|0x0000000614400000, 0x0000000614400000, 0x0000000614800000|  0%| F|  |TAMS 0x0000000614400000| PB 0x0000000614400000| Untracked |  0
|  82|0x0000000614800000, 0x000000061499a188, 0x0000000614c00000| 40%| E|  |TAMS 0x0000000614800000| PB 0x0000000614800000| Complete |  0
|  83|0x0000000614c00000, 0x0000000615000000, 0x0000000615000000|100%| E|CS|TAMS 0x0000000614c00000| PB 0x0000000614c00000| Complete |  0
|  84|0x0000000615000000, 0x0000000615400000, 0x0000000615400000|100%| E|CS|TAMS 0x0000000615000000| PB 0x0000000615000000| Complete |  0
|  85|0x0000000615400000, 0x0000000615800000, 0x0000000615800000|100%| E|CS|TAMS 0x0000000615400000| PB 0x0000000615400000| Complete |  0
|  86|0x0000000615800000, 0x0000000615c00000, 0x0000000615c00000|100%| E|CS|TAMS 0x0000000615800000| PB 0x0000000615800000| Complete |  0
|  87|0x0000000615c00000, 0x0000000616000000, 0x0000000616000000|100%| E|CS|TAMS 0x0000000615c00000| PB 0x0000000615c00000| Complete |  0
|  88|0x0000000616000000, 0x0000000616400000, 0x0000000616400000|100%| E|CS|TAMS 0x0000000616000000| PB 0x0000000616000000| Complete |  0
|  89|0x0000000616400000, 0x0000000616800000, 0x0000000616800000|100%| E|CS|TAMS 0x0000000616400000| PB 0x0000000616400000| Complete |  0
|  90|0x0000000616800000, 0x0000000616c00000, 0x0000000616c00000|100%| E|CS|TAMS 0x0000000616800000| PB 0x0000000616800000| Complete |  0
|  91|0x0000000616c00000, 0x0000000617000000, 0x0000000617000000|100%| E|CS|TAMS 0x0000000616c00000| PB 0x0000000616c00000| Complete |  0
|  92|0x0000000617000000, 0x0000000617400000, 0x0000000617400000|100%| E|CS|TAMS 0x0000000617000000| PB 0x0000000617000000| Complete |  0
|  93|0x0000000617400000, 0x0000000617800000, 0x0000000617800000|100%| E|CS|TAMS 0x0000000617400000| PB 0x0000000617400000| Complete |  0
|  94|0x0000000617800000, 0x0000000617c00000, 0x0000000617c00000|100%| E|CS|TAMS 0x0000000617800000| PB 0x0000000617800000| Complete |  0
|  95|0x0000000617c00000, 0x0000000618000000, 0x0000000618000000|100%| E|CS|TAMS 0x0000000617c00000| PB 0x0000000617c00000| Complete |  0
|  96|0x0000000618000000, 0x0000000618400000, 0x0000000618400000|100%| E|CS|TAMS 0x0000000618000000| PB 0x0000000618000000| Complete |  0
|  97|0x0000000618400000, 0x0000000618800000, 0x0000000618800000|100%| E|CS|TAMS 0x0000000618400000| PB 0x0000000618400000| Complete |  0
|  98|0x0000000618800000, 0x0000000618c00000, 0x0000000618c00000|100%| E|CS|TAMS 0x0000000618800000| PB 0x0000000618800000| Complete |  0
|  99|0x0000000618c00000, 0x0000000619000000, 0x0000000619000000|100%| E|CS|TAMS 0x0000000618c00000| PB 0x0000000618c00000| Complete |  0
| 100|0x0000000619000000, 0x0000000619400000, 0x0000000619400000|100%| E|CS|TAMS 0x0000000619000000| PB 0x0000000619000000| Complete |  0
| 101|0x0000000619400000, 0x0000000619800000, 0x0000000619800000|100%| E|  |TAMS 0x0000000619400000| PB 0x0000000619400000| Complete |  0
| 102|0x0000000619800000, 0x0000000619c00000, 0x0000000619c00000|100%| E|CS|TAMS 0x0000000619800000| PB 0x0000000619800000| Complete |  0
| 103|0x0000000619c00000, 0x000000061a000000, 0x000000061a000000|100%| E|CS|TAMS 0x0000000619c00000| PB 0x0000000619c00000| Complete |  0
| 104|0x000000061a000000, 0x000000061a400000, 0x000000061a400000|100%| E|CS|TAMS 0x000000061a000000| PB 0x000000061a000000| Complete |  0
| 105|0x000000061a400000, 0x000000061a800000, 0x000000061a800000|100%| E|CS|TAMS 0x000000061a400000| PB 0x000000061a400000| Complete |  0
| 106|0x000000061a800000, 0x000000061ac00000, 0x000000061ac00000|100%| E|CS|TAMS 0x000000061a800000| PB 0x000000061a800000| Complete |  0
| 107|0x000000061ac00000, 0x000000061b000000, 0x000000061b000000|100%| E|CS|TAMS 0x000000061ac00000| PB 0x000000061ac00000| Complete |  0
| 108|0x000000061b000000, 0x000000061b400000, 0x000000061b400000|100%| E|CS|TAMS 0x000000061b000000| PB 0x000000061b000000| Complete |  0
| 109|0x000000061b400000, 0x000000061b800000, 0x000000061b800000|100%| E|CS|TAMS 0x000000061b400000| PB 0x000000061b400000| Complete |  0
| 110|0x000000061b800000, 0x000000061bc00000, 0x000000061bc00000|100%| E|CS|TAMS 0x000000061b800000| PB 0x000000061b800000| Complete |  0
| 111|0x000000061bc00000, 0x000000061c000000, 0x000000061c000000|100%| E|CS|TAMS 0x000000061bc00000| PB 0x000000061bc00000| Complete |  0
| 112|0x000000061c000000, 0x000000061c400000, 0x000000061c400000|100%| E|CS|TAMS 0x000000061c000000| PB 0x000000061c000000| Complete |  0
| 113|0x000000061c400000, 0x000000061c800000, 0x000000061c800000|100%| E|CS|TAMS 0x000000061c400000| PB 0x000000061c400000| Complete |  0
| 114|0x000000061c800000, 0x000000061cc00000, 0x000000061cc00000|100%| E|CS|TAMS 0x000000061c800000| PB 0x000000061c800000| Complete |  0
| 115|0x000000061cc00000, 0x000000061d000000, 0x000000061d000000|100%| E|CS|TAMS 0x000000061cc00000| PB 0x000000061cc00000| Complete |  0
| 116|0x000000061d000000, 0x000000061d400000, 0x000000061d400000|100%| E|CS|TAMS 0x000000061d000000| PB 0x000000061d000000| Complete |  0
| 117|0x000000061d400000, 0x000000061d800000, 0x000000061d800000|100%| E|CS|TAMS 0x000000061d400000| PB 0x000000061d400000| Complete |  0
| 118|0x000000061d800000, 0x000000061dc00000, 0x000000061dc00000|100%| E|CS|TAMS 0x000000061d800000| PB 0x000000061d800000| Complete |  0
| 119|0x000000061dc00000, 0x000000061e000000, 0x000000061e000000|100%| E|CS|TAMS 0x000000061dc00000| PB 0x000000061dc00000| Complete |  0
| 120|0x000000061e000000, 0x000000061e400000, 0x000000061e400000|100%| E|CS|TAMS 0x000000061e000000| PB 0x000000061e000000| Complete |  0
|2047|0x00000007ffc00000, 0x0000000800000000, 0x0000000800000000|100%| E|CS|TAMS 0x00000007ffc00000| PB 0x00000007ffc00000| Complete |  0

Card table byte_map: [0x0000023bdbb80000,0x0000023bdcb80000] _byte_map_base: 0x0000023bd8b80000

Marking Bits: (CMBitMap*) 0x0000023bb27d5bb0
 Bits: [0x0000023bdcb80000, 0x0000023be4b80000)

Polling page: 0x0000023bb0730000

Metaspace:

Usage:
  Non-class:    144.51 MB used.
      Class:     22.65 MB used.
       Both:    167.16 MB used.

Virtual space:
  Non-class space:      192.00 MB reserved,     146.06 MB ( 76%) committed,  3 nodes.
      Class space:        1.00 GB reserved,      24.06 MB (  2%) committed,  1 nodes.
             Both:        1.19 GB reserved,     170.12 MB ( 14%) committed. 

Chunk freelists:
   Non-Class:  13.73 MB
       Class:  7.80 MB
        Both:  21.54 MB

MaxMetaspaceSize: 4.00 GB
CompressedClassSpaceSize: 1.00 GB
Initial GC threshold: 21.00 MB
Current GC threshold: 283.44 MB
CDS: on
 - commit_granule_bytes: 65536.
 - commit_granule_words: 8192.
 - virtual_space_node_default_size: 8388608.
 - enlarge_chunks_in_place: 1.
 - use_allocation_guard: 0.


Internal statistics:

num_allocs_failed_limit: 9.
num_arena_births: 5302.
num_arena_deaths: 2.
num_vsnodes_births: 4.
num_vsnodes_deaths: 0.
num_space_committed: 2721.
num_space_uncommitted: 0.
num_chunks_returned_to_freelist: 13.
num_chunks_taken_from_freelist: 12463.
num_chunk_merges: 9.
num_chunk_splits: 8685.
num_chunks_enlarged: 6039.
num_inconsistent_stats: 0.

CodeHeap 'non-profiled nmethods': size=259264Kb used=13594Kb max_used=13594Kb free=245669Kb
 bounds [0x0000023bcad40000, 0x0000023bcba90000, 0x0000023bdaa70000]
CodeHeap 'profiled nmethods': size=259264Kb used=37093Kb max_used=37093Kb free=222170Kb
 bounds [0x0000023bbaa70000, 0x0000023bbcf00000, 0x0000023bca7a0000]
CodeHeap 'non-nmethods': size=5760Kb used=3643Kb max_used=3724Kb free=2116Kb
 bounds [0x0000023bca7a0000, 0x0000023bcab50000, 0x0000023bcad40000]
 total_blobs=18980 nmethods=17701 adapters=1181
 compilation: enabled
              stopped_count=0, restarted_count=0
 full_count=0

Compilation events (20 events):
Event: 79.224 Thread 0x0000023be6f9d020 nmethod 21420 0x0000023bbb4c9f90 code [0x0000023bbb4ca140, 0x0000023bbb4ca2e0]
Event: 79.224 Thread 0x0000023be6f9d020 21421       3       java.security.DrbgParameters::nextBytes (11 bytes)
Event: 79.225 Thread 0x0000023be6f9d020 nmethod 21421 0x0000023bbb681310 code [0x0000023bbb6814c0, 0x0000023bbb681658]
Event: 79.225 Thread 0x0000023be6f9d020 21422   !   3       sun.security.provider.AbstractDrbg::engineNextBytes (283 bytes)
Event: 79.226 Thread 0x0000023be6f9d020 nmethod 21422 0x0000023bbae54c10 code [0x0000023bbae55040, 0x0000023bbae56c70]
Event: 79.245 Thread 0x0000023be6f9d020 21423       3       org.gradle.model.internal.asm.MethodVisitorScope::_UNBOX (178 bytes)
Event: 79.247 Thread 0x0000023be6f9d020 nmethod 21423 0x0000023bbb8e1c10 code [0x0000023bbb8e2080, 0x0000023bbb8e4160]
Event: 79.257 Thread 0x0000023be6f4bc60 21424       4       org.objectweb.asm.ClassReader::accept (1419 bytes)
Event: 79.299 Thread 0x0000023be6f9d020 21427       3       org.gradle.internal.classpath.generated.InterceptorDeclaration_ConfigCacheJvmBytecode::visitMethodInsn (4679 bytes)
Event: 79.319 Thread 0x0000023be6f9d020 nmethod 21427 0x0000023bbcece290 code [0x0000023bbced1ac0, 0x0000023bbceed108]
Event: 79.319 Thread 0x0000023be6f9d020 21428   !   3       java.security.SecureRandom::nextBytes (46 bytes)
Event: 79.319 Thread 0x0000023be6f9d020 nmethod 21428 0x0000023bbbdf8f90 code [0x0000023bbbdf9180, 0x0000023bbbdf96a0]
Event: 79.319 Thread 0x0000023be6f9d020 21429       3       sun.security.provider.DRBG::engineNextBytes (9 bytes)
Event: 79.319 Thread 0x0000023be6f9d020 nmethod 21429 0x0000023bbb729990 code [0x0000023bbb729b40, 0x0000023bbb729c88]
Event: 79.330 Thread 0x0000023be6f9d020 21430       3       org.gradle.api.internal.artifacts.transform.TransformExecutionResult$Builder$ProducedOutputOnlyResult$$Lambda/0x0000023be9834d58::<init> (10 bytes)
Event: 79.330 Thread 0x0000023be6f9d020 nmethod 21430 0x0000023bbb79c090 code [0x0000023bbb79c220, 0x0000023bbb79c3e0]
Event: 79.338 Thread 0x0000023be6f9d020 21431       3       org.gradle.api.internal.artifacts.transform.TransformExecutionResult$Builder$ProducedOutputOnlyResult$$Lambda/0x0000023be98348d8::<init> (10 bytes)
Event: 79.338 Thread 0x0000023be6f9d020 nmethod 21431 0x0000023bbb9f1690 code [0x0000023bbb9f1820, 0x0000023bbb9f19e0]
Event: 79.338 Thread 0x0000023be6f9d020 21432       3       org.gradle.api.internal.artifacts.transform.TransformExecutionResult$Builder$ProducedOutputOnlyResult$$Lambda/0x0000023be9834b18::<init> (10 bytes)
Event: 79.338 Thread 0x0000023be6f9d020 nmethod 21432 0x0000023bbba95c90 code [0x0000023bbba95e20, 0x0000023bbba95fe0]

GC Heap History (20 events):
Event: 71.390 GC heap before
{Heap before GC invocations=55 (full 0):
 garbage-first heap   total reserved 8388608K, committed 315392K, used 273115K [0x0000000600000000, 0x0000000800000000)
  region size 4096K, 24 young (98304K), 4 survivors (16384K)
 Metaspace       used 170413K, committed 173376K, reserved 1245184K
  class space    used 23143K, committed 24576K, reserved 1048576K
}
Event: 71.410 GC heap after
{Heap after GC invocations=56 (full 0):
 garbage-first heap   total reserved 8388608K, committed 315392K, used 201925K [0x0000000600000000, 0x0000000800000000)
  region size 4096K, 3 young (12288K), 3 survivors (12288K)
 Metaspace       used 170413K, committed 173376K, reserved 1245184K
  class space    used 23143K, committed 24576K, reserved 1048576K
}
Event: 71.915 GC heap before
{Heap before GC invocations=57 (full 0):
 garbage-first heap   total reserved 8388608K, committed 344064K, used 279749K [0x0000000600000000, 0x0000000800000000)
  region size 4096K, 22 young (90112K), 3 survivors (12288K)
 Metaspace       used 170417K, committed 173440K, reserved 1245184K
  class space    used 23143K, committed 24576K, reserved 1048576K
}
Event: 71.924 GC heap after
{Heap after GC invocations=58 (full 0):
 garbage-first heap   total reserved 8388608K, committed 344064K, used 199841K [0x0000000600000000, 0x0000000800000000)
  region size 4096K, 2 young (8192K), 2 survivors (8192K)
 Metaspace       used 170417K, committed 173440K, reserved 1245184K
  class space    used 23143K, committed 24576K, reserved 1048576K
}
Event: 72.528 GC heap before
{Heap before GC invocations=58 (full 0):
 garbage-first heap   total reserved 8388608K, committed 344064K, used 310433K [0x0000000600000000, 0x0000000800000000)
  region size 4096K, 30 young (122880K), 2 survivors (8192K)
 Metaspace       used 170442K, committed 173440K, reserved 1245184K
  class space    used 23144K, committed 24576K, reserved 1048576K
}
Event: 72.537 GC heap after
{Heap after GC invocations=59 (full 0):
 garbage-first heap   total reserved 8388608K, committed 413696K, used 199649K [0x0000000600000000, 0x0000000800000000)
  region size 4096K, 2 young (8192K), 2 survivors (8192K)
 Metaspace       used 170442K, committed 173440K, reserved 1245184K
  class space    used 23144K, committed 24576K, reserved 1048576K
}
Event: 73.395 GC heap before
{Heap before GC invocations=59 (full 0):
 garbage-first heap   total reserved 8388608K, committed 413696K, used 375777K [0x0000000600000000, 0x0000000800000000)
  region size 4096K, 46 young (188416K), 2 survivors (8192K)
 Metaspace       used 170492K, committed 173440K, reserved 1245184K
  class space    used 23150K, committed 24576K, reserved 1048576K
}
Event: 73.416 GC heap after
{Heap after GC invocations=60 (full 0):
 garbage-first heap   total reserved 8388608K, committed 413696K, used 217279K [0x0000000600000000, 0x0000000800000000)
  region size 4096K, 6 young (24576K), 6 survivors (24576K)
 Metaspace       used 170492K, committed 173440K, reserved 1245184K
  class space    used 23150K, committed 24576K, reserved 1048576K
}
Event: 74.616 GC heap before
{Heap before GC invocations=60 (full 0):
 garbage-first heap   total reserved 8388608K, committed 413696K, used 356543K [0x0000000600000000, 0x0000000800000000)
  region size 4096K, 41 young (167936K), 6 survivors (24576K)
 Metaspace       used 171035K, committed 174016K, reserved 1245184K
  class space    used 23190K, committed 24640K, reserved 1048576K
}
Event: 74.645 GC heap after
{Heap after GC invocations=61 (full 0):
 garbage-first heap   total reserved 8388608K, committed 413696K, used 230542K [0x0000000600000000, 0x0000000800000000)
  region size 4096K, 4 young (16384K), 4 survivors (16384K)
 Metaspace       used 171035K, committed 174016K, reserved 1245184K
  class space    used 23190K, committed 24640K, reserved 1048576K
}
Event: 75.742 GC heap before
{Heap before GC invocations=61 (full 0):
 garbage-first heap   total reserved 8388608K, committed 413696K, used 365710K [0x0000000600000000, 0x0000000800000000)
  region size 4096K, 38 young (155648K), 4 survivors (16384K)
 Metaspace       used 171081K, committed 174080K, reserved 1245184K
  class space    used 23191K, committed 24640K, reserved 1048576K
}
Event: 75.755 GC heap after
{Heap after GC invocations=62 (full 0):
 garbage-first heap   total reserved 8388608K, committed 413696K, used 231215K [0x0000000600000000, 0x0000000800000000)
  region size 4096K, 1 young (4096K), 1 survivors (4096K)
 Metaspace       used 171081K, committed 174080K, reserved 1245184K
  class space    used 23191K, committed 24640K, reserved 1048576K
}
Event: 76.651 GC heap before
{Heap before GC invocations=63 (full 0):
 garbage-first heap   total reserved 8388608K, committed 413696K, used 378671K [0x0000000600000000, 0x0000000800000000)
  region size 4096K, 37 young (151552K), 1 survivors (4096K)
 Metaspace       used 171089K, committed 174144K, reserved 1245184K
  class space    used 23186K, committed 24640K, reserved 1048576K
}
Event: 76.656 GC heap after
{Heap after GC invocations=64 (full 0):
 garbage-first heap   total reserved 8388608K, committed 413696K, used 231585K [0x0000000600000000, 0x0000000800000000)
  region size 4096K, 1 young (4096K), 1 survivors (4096K)
 Metaspace       used 171089K, committed 174144K, reserved 1245184K
  class space    used 23186K, committed 24640K, reserved 1048576K
}
Event: 77.126 GC heap before
{Heap before GC invocations=64 (full 0):
 garbage-first heap   total reserved 8388608K, committed 413696K, used 383137K [0x0000000600000000, 0x0000000800000000)
  region size 4096K, 38 young (155648K), 1 survivors (4096K)
 Metaspace       used 171096K, committed 174144K, reserved 1245184K
  class space    used 23186K, committed 24640K, reserved 1048576K
}
Event: 77.139 GC heap after
{Heap after GC invocations=65 (full 0):
 garbage-first heap   total reserved 8388608K, committed 499712K, used 225460K [0x0000000600000000, 0x0000000800000000)
  region size 4096K, 2 young (8192K), 2 survivors (8192K)
 Metaspace       used 171096K, committed 174144K, reserved 1245184K
  class space    used 23186K, committed 24640K, reserved 1048576K
}
Event: 77.989 GC heap before
{Heap before GC invocations=65 (full 0):
 garbage-first heap   total reserved 8388608K, committed 499712K, used 446644K [0x0000000600000000, 0x0000000800000000)
  region size 4096K, 56 young (229376K), 2 survivors (8192K)
 Metaspace       used 171132K, committed 174144K, reserved 1245184K
  class space    used 23188K, committed 24640K, reserved 1048576K
}
Event: 77.995 GC heap after
{Heap after GC invocations=66 (full 0):
 garbage-first heap   total reserved 8388608K, committed 499712K, used 227202K [0x0000000600000000, 0x0000000800000000)
  region size 4096K, 2 young (8192K), 2 survivors (8192K)
 Metaspace       used 171132K, committed 174144K, reserved 1245184K
  class space    used 23188K, committed 24640K, reserved 1048576K
}
Event: 78.989 GC heap before
{Heap before GC invocations=66 (full 0):
 garbage-first heap   total reserved 8388608K, committed 499712K, used 460674K [0x0000000600000000, 0x0000000800000000)
  region size 4096K, 59 young (241664K), 2 survivors (8192K)
 Metaspace       used 171146K, committed 174144K, reserved 1245184K
  class space    used 23188K, committed 24640K, reserved 1048576K
}
Event: 78.996 GC heap after
{Heap after GC invocations=67 (full 0):
 garbage-first heap   total reserved 8388608K, committed 499712K, used 229504K [0x0000000600000000, 0x0000000800000000)
  region size 4096K, 3 young (12288K), 3 survivors (12288K)
 Metaspace       used 171146K, committed 174144K, reserved 1245184K
  class space    used 23188K, committed 24640K, reserved 1048576K
}

Dll operation events (17 events):
Event: 0.024 Loaded shared library C:\Program Files\Java\jdk-22\bin\java.dll
Event: 0.075 Loaded shared library C:\Program Files\Java\jdk-22\bin\jsvml.dll
Event: 0.187 Loaded shared library C:\Program Files\Java\jdk-22\bin\zip.dll
Event: 0.194 Loaded shared library C:\Program Files\Java\jdk-22\bin\instrument.dll
Event: 0.205 Loaded shared library C:\Program Files\Java\jdk-22\bin\net.dll
Event: 0.207 Loaded shared library C:\Program Files\Java\jdk-22\bin\nio.dll
Event: 0.209 Loaded shared library C:\Program Files\Java\jdk-22\bin\zip.dll
Event: 0.645 Loaded shared library C:\Program Files\Java\jdk-22\bin\jimage.dll
Event: 1.149 Loaded shared library C:\Program Files\Java\jdk-22\bin\verify.dll
Event: 1.358 Loaded shared library C:\Users\USER\.gradle\native\1def1411415f61bf3af743bc5b6707747c0891f09f0c88961ee8f79bc544acac\windows-amd64\native-platform.dll
Event: 1.377 Loaded shared library C:\Users\USER\.gradle\native\0.2.7\x86_64-windows-gnu\gradle-fileevents.dll
Event: 2.873 Loaded shared library C:\Program Files\Java\jdk-22\bin\management.dll
Event: 2.875 Loaded shared library C:\Program Files\Java\jdk-22\bin\management_ext.dll
Event: 3.192 Loaded shared library C:\Program Files\Java\jdk-22\bin\extnet.dll
Event: 3.539 Loaded shared library C:\Program Files\Java\jdk-22\bin\sunmscapi.dll
Event: 21.322 Loaded shared library C:\Program Files\Java\jdk-22\bin\rmi.dll
Event: 49.818 Loaded shared library C:\Program Files\Java\jdk-22\bin\le.dll

Deoptimization events (20 events):
Event: 79.107 Thread 0x0000023c42dcdb50 Uncommon trap: trap_request=0xffffffde fr.pc=0x0000023bcb993e14 relative=0x0000000000004874
Event: 79.107 Thread 0x0000023c42dcdb50 Uncommon trap: reason=class_check action=maybe_recompile pc=0x0000023bcb993e14 method=org.objectweb.asm.ClassReader.accept(Lorg/objectweb/asm/ClassVisitor;[Lorg/objectweb/asm/Attribute;I)V @ 743 c2
Event: 79.107 Thread 0x0000023c42dcdb50 DEOPT PACKING pc=0x0000023bcb993e14 sp=0x00000085e26fb230
Event: 79.107 Thread 0x0000023c42dcdb50 DEOPT UNPACKING pc=0x0000023bca7f7da2 sp=0x00000085e26fb1d0 mode 2
Event: 79.231 Thread 0x0000023c42dcdb50 Uncommon trap: trap_request=0xffffff45 fr.pc=0x0000023bcb722fa0 relative=0x00000000000008c0
Event: 79.231 Thread 0x0000023c42dcdb50 Uncommon trap: reason=unstable_if action=reinterpret pc=0x0000023bcb722fa0 method=org.gradle.model.internal.asm.MethodVisitorScope._UNBOX(Lorg/objectweb/asm/Type;)V @ 4 c2
Event: 79.231 Thread 0x0000023c42dcdb50 DEOPT PACKING pc=0x0000023bcb722fa0 sp=0x00000085e26fb6a0
Event: 79.231 Thread 0x0000023c42dcdb50 DEOPT UNPACKING pc=0x0000023bca7f7da2 sp=0x00000085e26fb670 mode 2
Event: 79.246 Thread 0x0000023c42dcdb50 Uncommon trap: trap_request=0xffffffde fr.pc=0x0000023bcb993e14 relative=0x0000000000004874
Event: 79.246 Thread 0x0000023c42dcdb50 Uncommon trap: reason=class_check action=maybe_recompile pc=0x0000023bcb993e14 method=org.objectweb.asm.ClassReader.accept(Lorg/objectweb/asm/ClassVisitor;[Lorg/objectweb/asm/Attribute;I)V @ 743 c2
Event: 79.246 Thread 0x0000023c42dcdb50 DEOPT PACKING pc=0x0000023bcb993e14 sp=0x00000085e26fb300
Event: 79.246 Thread 0x0000023c42dcdb50 DEOPT UNPACKING pc=0x0000023bca7f7da2 sp=0x00000085e26fb2a0 mode 2
Event: 79.297 Thread 0x0000023c42dcdb50 Uncommon trap: trap_request=0xffffff45 fr.pc=0x0000023bcba7c758 relative=0x0000000000002fd8
Event: 79.297 Thread 0x0000023c42dcdb50 Uncommon trap: reason=unstable_if action=reinterpret pc=0x0000023bcba7c758 method=org.gradle.internal.classpath.generated.InterceptorDeclaration_ConfigCacheJvmBytecode.visitMethodInsn(Lorg/gradle/model/internal/asm/MethodVisitorScope;Ljava/lang/String;ILj
Event: 79.297 Thread 0x0000023c42dcdb50 DEOPT PACKING pc=0x0000023bcba7c758 sp=0x00000085e26fb700
Event: 79.297 Thread 0x0000023c42dcdb50 DEOPT UNPACKING pc=0x0000023bca7f7da2 sp=0x00000085e26fb660 mode 2
Event: 79.338 Thread 0x0000023c42dcdb50 Uncommon trap: trap_request=0xffffff45 fr.pc=0x0000023bcb733014 relative=0x0000000000000354
Event: 79.338 Thread 0x0000023c42dcdb50 Uncommon trap: reason=unstable_if action=reinterpret pc=0x0000023bcb733014 method=java.util.HashMap$TreeNode.find(ILjava/lang/Object;Ljava/lang/Class;)Ljava/util/HashMap$TreeNode; @ 58 c2
Event: 79.338 Thread 0x0000023c42dcdb50 DEOPT PACKING pc=0x0000023bcb733014 sp=0x00000085e26fbbf0
Event: 79.338 Thread 0x0000023c42dcdb50 DEOPT UNPACKING pc=0x0000023bca7f7da2 sp=0x00000085e26fbb70 mode 2

Classes loaded (20 events):
Event: 69.716 Loading class java/util/stream/Nodes$IntFixedNodeBuilder
Event: 69.717 Loading class java/util/stream/Node$Builder$OfInt
Event: 69.717 Loading class java/util/stream/Node$Builder$OfInt done
Event: 69.717 Loading class java/util/stream/Nodes$IntArrayNode
Event: 69.717 Loading class java/util/stream/Nodes$IntArrayNode done
Event: 69.717 Loading class java/util/stream/Nodes$IntFixedNodeBuilder done
Event: 69.717 Loading class java/util/stream/SortedOps$SizedIntSortingSink
Event: 69.717 Loading class java/util/stream/SortedOps$AbstractIntSortingSink
Event: 69.718 Loading class java/util/stream/SortedOps$AbstractIntSortingSink done
Event: 69.718 Loading class java/util/stream/SortedOps$SizedIntSortingSink done
Event: 70.046 Loading class java/util/stream/ReduceOps$9
Event: 70.046 Loading class java/util/stream/ReduceOps$9 done
Event: 70.046 Loading class java/util/stream/ReduceOps$CountingSink$OfInt
Event: 70.047 Loading class java/util/stream/ReduceOps$CountingSink$OfInt done
Event: 70.274 Loading class java/lang/NegativeArraySizeException
Event: 70.274 Loading class java/lang/NegativeArraySizeException done
Event: 70.291 Loading class jdk/internal/vm/annotation/Stable
Event: 70.292 Loading class jdk/internal/vm/annotation/Stable done
Event: 70.359 Loading class java/security/PermissionsEnumerator
Event: 70.359 Loading class java/security/PermissionsEnumerator done

Classes unloaded (4 events):
Event: 76.109 Thread 0x0000023be6f232f0 Unloading class 0x0000023bea818000 '_BuildScript_$_run_closure1$_closure3'
Event: 76.109 Thread 0x0000023be6f232f0 Unloading class 0x0000023bea814920 '_BuildScript_$_run_closure1$_closure2'
Event: 76.109 Thread 0x0000023be6f232f0 Unloading class 0x0000023bea814538 '_BuildScript_$_run_closure1'
Event: 76.109 Thread 0x0000023be6f232f0 Unloading class 0x0000023bea814000 '_BuildScript_'

Classes redefined (0 events):
No events

Internal exceptions (20 events):
Event: 77.210 Thread 0x0000023c42dcba80 Exception <a 'sun/nio/fs/WindowsException'{0x000000061de36250}> (0x000000061de36250) 
thrown [s\open\src\hotspot\share\prims\jni.cpp, line 520]
Event: 77.320 Thread 0x0000023c2e08ba60 Exception <a 'sun/nio/fs/WindowsException'{0x000000061d6d17d8}> (0x000000061d6d17d8) 
thrown [s\open\src\hotspot\share\prims\jni.cpp, line 520]
Event: 77.574 Thread 0x0000023c2e08ba60 Exception <a 'sun/nio/fs/WindowsException'{0x000000061a1df5d8}> (0x000000061a1df5d8) 
thrown [s\open\src\hotspot\share\prims\jni.cpp, line 520]
Event: 77.673 Thread 0x0000023c2e08ba60 Exception <a 'sun/nio/fs/WindowsException'{0x00000006192986d8}> (0x00000006192986d8) 
thrown [s\open\src\hotspot\share\prims\jni.cpp, line 520]
Event: 77.806 Thread 0x0000023c2e08ba60 Exception <a 'sun/nio/fs/WindowsException'{0x0000000615641b28}> (0x0000000615641b28) 
thrown [s\open\src\hotspot\share\prims\jni.cpp, line 520]
Event: 77.862 Thread 0x0000023c42dcba80 Exception <a 'sun/nio/fs/WindowsException'{0x0000000613f89510}> (0x0000000613f89510) 
thrown [s\open\src\hotspot\share\prims\jni.cpp, line 520]
Event: 77.888 Thread 0x0000023c2e08ba60 Exception <a 'sun/nio/fs/WindowsException'{0x000000061357dc00}> (0x000000061357dc00) 
thrown [s\open\src\hotspot\share\prims\jni.cpp, line 520]
Event: 78.031 Thread 0x0000023c2e08ba60 Exception <a 'sun/nio/fs/WindowsException'{0x000000061e227968}> (0x000000061e227968) 
thrown [s\open\src\hotspot\share\prims\jni.cpp, line 520]
Event: 78.281 Thread 0x0000023c42dcba80 Exception <a 'sun/nio/fs/WindowsException'{0x000000061a8155d8}> (0x000000061a8155d8) 
thrown [s\open\src\hotspot\share\prims\jni.cpp, line 520]
Event: 78.332 Thread 0x0000023c2e08ba60 Exception <a 'sun/nio/fs/WindowsException'{0x000000061c60fc48}> (0x000000061c60fc48) 
thrown [s\open\src\hotspot\share\prims\jni.cpp, line 520]
Event: 78.429 Thread 0x0000023c42dcba80 Exception <a 'sun/nio/fs/WindowsException'{0x000000061872c810}> (0x000000061872c810) 
thrown [s\open\src\hotspot\share\prims\jni.cpp, line 520]
Event: 78.573 Thread 0x0000023c2e08ba60 Exception <a 'sun/nio/fs/WindowsException'{0x0000000615dce8a0}> (0x0000000615dce8a0) 
thrown [s\open\src\hotspot\share\prims\jni.cpp, line 520]
Event: 78.668 Thread 0x0000023c42dcba80 Exception <a 'sun/nio/fs/WindowsException'{0x0000000613eae6b8}> (0x0000000613eae6b8) 
thrown [s\open\src\hotspot\share\prims\jni.cpp, line 520]
Event: 78.709 Thread 0x0000023c2e08ba60 Exception <a 'sun/nio/fs/WindowsException'{0x000000061385df08}> (0x000000061385df08) 
thrown [s\open\src\hotspot\share\prims\jni.cpp, line 520]
Event: 78.813 Thread 0x0000023c42dcba80 Exception <a 'sun/nio/fs/WindowsException'{0x000000061350f2a0}> (0x000000061350f2a0) 
thrown [s\open\src\hotspot\share\prims\jni.cpp, line 520]
Event: 79.053 Thread 0x0000023c2e08ba60 Exception <a 'sun/nio/fs/WindowsException'{0x000000061cf9b5b8}> (0x000000061cf9b5b8) 
thrown [s\open\src\hotspot\share\prims\jni.cpp, line 520]
Event: 79.066 Thread 0x0000023c42dcba80 Exception <a 'sun/nio/fs/WindowsException'{0x000000061cde06f0}> (0x000000061cde06f0) 
thrown [s\open\src\hotspot\share\prims\jni.cpp, line 520]
Event: 79.184 Thread 0x0000023c2e08ba60 Exception <a 'sun/nio/fs/WindowsException'{0x0000000619199df8}> (0x0000000619199df8) 
thrown [s\open\src\hotspot\share\prims\jni.cpp, line 520]
Event: 79.269 Thread 0x0000023c42dcba80 Exception <a 'sun/nio/fs/WindowsException'{0x0000000617b50c08}> (0x0000000617b50c08) 
thrown [s\open\src\hotspot\share\prims\jni.cpp, line 520]
Event: 79.362 Thread 0x0000023c2e08ba60 Exception <a 'sun/nio/fs/WindowsException'{0x0000000616782df0}> (0x0000000616782df0) 
thrown [s\open\src\hotspot\share\prims\jni.cpp, line 520]

ZGC Phase Switch (0 events):
No events

VM Operations (20 events):
Event: 73.916 Executing VM operation: ICBufferFull
Event: 73.917 Executing VM operation: ICBufferFull done
Event: 74.616 Executing VM operation: G1CollectForAllocation (G1 Evacuation Pause)
Event: 74.645 Executing VM operation: G1CollectForAllocation (G1 Evacuation Pause) done
Event: 75.645 Executing VM operation: Cleanup
Event: 75.651 Executing VM operation: Cleanup done
Event: 75.742 Executing VM operation: G1CollectForAllocation (G1 Evacuation Pause)
Event: 75.755 Executing VM operation: G1CollectForAllocation (G1 Evacuation Pause) done
Event: 76.101 Executing VM operation: G1PauseRemark
Event: 76.132 Executing VM operation: G1PauseRemark done
Event: 76.255 Executing VM operation: G1PauseCleanup
Event: 76.262 Executing VM operation: G1PauseCleanup done
Event: 76.650 Executing VM operation: G1CollectForAllocation (G1 Evacuation Pause)
Event: 76.656 Executing VM operation: G1CollectForAllocation (G1 Evacuation Pause) done
Event: 77.126 Executing VM operation: G1CollectForAllocation (G1 Evacuation Pause)
Event: 77.139 Executing VM operation: G1CollectForAllocation (G1 Evacuation Pause) done
Event: 77.989 Executing VM operation: G1CollectForAllocation (G1 Evacuation Pause)
Event: 77.995 Executing VM operation: G1CollectForAllocation (G1 Evacuation Pause) done
Event: 78.989 Executing VM operation: G1CollectForAllocation (G1 Evacuation Pause)
Event: 78.996 Executing VM operation: G1CollectForAllocation (G1 Evacuation Pause) done

Events (20 events):
Event: 76.132 Thread 0x0000023be6f232f0 flushing nmethod 0x0000023bbc9cfa10
Event: 76.132 Thread 0x0000023be6f232f0 flushing nmethod 0x0000023bbc9d0210
Event: 76.132 Thread 0x0000023be6f232f0 flushing nmethod 0x0000023bbc9d0790
Event: 76.132 Thread 0x0000023be6f232f0 flushing nmethod 0x0000023bbc9de510
Event: 76.132 Thread 0x0000023be6f232f0 flushing nmethod 0x0000023bbc9ded90
Event: 76.132 Thread 0x0000023be6f232f0 flushing nmethod 0x0000023bbc9e0190
Event: 76.132 Thread 0x0000023be6f232f0 flushing nmethod 0x0000023bbc9e0810
Event: 76.132 Thread 0x0000023be6f232f0 flushing nmethod 0x0000023bbc9e2710
Event: 76.132 Thread 0x0000023be6f232f0 flushing nmethod 0x0000023bbc9e3010
Event: 76.132 Thread 0x0000023be6f232f0 flushing nmethod 0x0000023bbc9e3810
Event: 76.132 Thread 0x0000023be6f232f0 flushing nmethod 0x0000023bbc9e5a90
Event: 76.132 Thread 0x0000023be6f232f0 flushing nmethod 0x0000023bbca09690
Event: 76.132 Thread 0x0000023be6f232f0 flushing nmethod 0x0000023bbca57090
Event: 76.132 Thread 0x0000023be6f232f0 flushing nmethod 0x0000023bbca57690
Event: 76.132 Thread 0x0000023be6f232f0 flushing nmethod 0x0000023bbcabdb10
Event: 76.132 Thread 0x0000023be6f232f0 flushing nmethod 0x0000023bbcac0f10
Event: 76.132 Thread 0x0000023be6f232f0 flushing nmethod 0x0000023bbcba3890
Event: 76.132 Thread 0x0000023be6f232f0 flushing nmethod 0x0000023bbcba3c90
Event: 76.132 Thread 0x0000023be6f232f0 flushing nmethod 0x0000023bbcba4010
Event: 78.683 Thread 0x0000023c41dacbb0 Thread exited: 0x0000023c41dacbb0


Dynamic libraries:
0x00007ff7b0370000 - 0x00007ff7b0380000 	C:\Program Files\Java\jdk-22\bin\java.exe
0x00007ffc5ad00000 - 0x00007ffc5af67000 	C:\WINDOWS\SYSTEM32\ntdll.dll
0x00007ffc594a0000 - 0x00007ffc59569000 	C:\WINDOWS\System32\KERNEL32.DLL
0x00007ffc58530000 - 0x00007ffc5891f000 	C:\WINDOWS\System32\KERNELBASE.dll
0x00007ffc57ee0000 - 0x00007ffc5802b000 	C:\WINDOWS\System32\ucrtbase.dll
0x00007ffbea690000 - 0x00007ffbea6a7000 	C:\Program Files\Java\jdk-22\bin\jli.dll
0x00007ffc59dc0000 - 0x00007ffc59e74000 	C:\WINDOWS\System32\ADVAPI32.dll
0x00007ffc5a8f0000 - 0x00007ffc5a999000 	C:\WINDOWS\System32\msvcrt.dll
0x00007ffc59b30000 - 0x00007ffc59bd6000 	C:\WINDOWS\System32\sechost.dll
0x00007ffc5a620000 - 0x00007ffc5a738000 	C:\WINDOWS\System32\RPCRT4.dll
0x00007ffc58b70000 - 0x00007ffc58d35000 	C:\WINDOWS\System32\USER32.dll
0x00007ffc2bfa0000 - 0x00007ffc2bfbb000 	C:\Program Files\Java\jdk-22\bin\VCRUNTIME140.dll
0x00007ffc3af10000 - 0x00007ffc3b1a3000 	C:\WINDOWS\WinSxS\amd64_microsoft.windows.common-controls_6595b64144ccf1df_6.0.26100.7309_none_3e05feeae336a044\COMCTL32.dll
0x00007ffc5a740000 - 0x00007ffc5a76b000 	C:\WINDOWS\System32\GDI32.dll
0x00007ffc58450000 - 0x00007ffc58477000 	C:\WINDOWS\System32\win32u.dll
0x00007ffc581b0000 - 0x00007ffc582dc000 	C:\WINDOWS\System32\gdi32full.dll
0x00007ffc58480000 - 0x00007ffc58523000 	C:\WINDOWS\System32\msvcp_win.dll
0x00007ffc44ab0000 - 0x00007ffc44abb000 	C:\WINDOWS\SYSTEM32\VERSION.dll
0x00007ffc5ab80000 - 0x00007ffc5abb1000 	C:\WINDOWS\System32\IMM32.DLL
0x00007ffc36100000 - 0x00007ffc3610c000 	C:\Program Files\Java\jdk-22\bin\vcruntime140_1.dll
0x00007ffc07080000 - 0x00007ffc0710e000 	C:\Program Files\Java\jdk-22\bin\msvcp140.dll
0x00007ffbe6fb0000 - 0x00007ffbe7cf8000 	C:\Program Files\Java\jdk-22\bin\server\jvm.dll
0x00007ffc59a10000 - 0x00007ffc59a84000 	C:\WINDOWS\System32\WS2_32.dll
0x00007ffc57cb0000 - 0x00007ffc57d0e000 	C:\WINDOWS\SYSTEM32\POWRPROF.dll
0x00007ffc4f550000 - 0x00007ffc4f585000 	C:\WINDOWS\SYSTEM32\WINMM.dll
0x00007ffc57c90000 - 0x00007ffc57ca4000 	C:\WINDOWS\SYSTEM32\UMPDC.dll
0x00007ffc56c00000 - 0x00007ffc56c1b000 	C:\WINDOWS\SYSTEM32\kernel.appcore.dll
0x00007ffc34f90000 - 0x00007ffc34f9a000 	C:\Program Files\Java\jdk-22\bin\jimage.dll
0x00007ffc55630000 - 0x00007ffc55872000 	C:\WINDOWS\SYSTEM32\DBGHELP.DLL
0x00007ffc5a290000 - 0x00007ffc5a616000 	C:\WINDOWS\System32\combase.dll
0x00007ffc59be0000 - 0x00007ffc59cb6000 	C:\WINDOWS\System32\OLEAUT32.dll
0x00007ffc31ef0000 - 0x00007ffc31f2c000 	C:\WINDOWS\SYSTEM32\dbgcore.DLL
0x00007ffc583a0000 - 0x00007ffc58445000 	C:\WINDOWS\System32\bcryptPrimitives.dll
0x00007ffc379b0000 - 0x00007ffc379bf000 	C:\Program Files\Java\jdk-22\bin\instrument.dll
0x00007ffc2a450000 - 0x00007ffc2a46e000 	C:\Program Files\Java\jdk-22\bin\java.dll
0x00007ffc58d40000 - 0x00007ffc59493000 	C:\WINDOWS\System32\SHELL32.dll
0x00007ffc58930000 - 0x00007ffc58a9a000 	C:\WINDOWS\System32\wintypes.dll
0x00007ffc59f00000 - 0x00007ffc5a097000 	C:\WINDOWS\System32\ole32.dll
0x00007ffc55a70000 - 0x00007ffc562ce000 	C:\WINDOWS\SYSTEM32\windows.storage.dll
0x00007ffc5abc0000 - 0x00007ffc5acb5000 	C:\WINDOWS\System32\SHCORE.dll
0x00007ffc59aa0000 - 0x00007ffc59b06000 	C:\WINDOWS\System32\shlwapi.dll
0x00007ffc57d70000 - 0x00007ffc57d99000 	C:\WINDOWS\SYSTEM32\profapi.dll
0x00007ffc00f40000 - 0x00007ffc01017000 	C:\Program Files\Java\jdk-22\bin\jsvml.dll
0x00007ffc2a410000 - 0x00007ffc2a427000 	C:\Program Files\Java\jdk-22\bin\zip.dll
0x00007ffc2f670000 - 0x00007ffc2f680000 	C:\Program Files\Java\jdk-22\bin\net.dll
0x00007ffc57170000 - 0x00007ffc571db000 	C:\WINDOWS\system32\mswsock.dll
0x00007ffc2a430000 - 0x00007ffc2a446000 	C:\Program Files\Java\jdk-22\bin\nio.dll
0x00007ffc2bf90000 - 0x00007ffc2bfa0000 	C:\Program Files\Java\jdk-22\bin\verify.dll
0x00007ffc2bd00000 - 0x00007ffc2bd27000 	C:\Users\USER\.gradle\native\1def1411415f61bf3af743bc5b6707747c0891f09f0c88961ee8f79bc544acac\windows-amd64\native-platform.dll
0x00007ffbe4d60000 - 0x00007ffbe4dd8000 	C:\Users\USER\.gradle\native\0.2.7\x86_64-windows-gnu\gradle-fileevents.dll
0x00007ffc54880000 - 0x00007ffc5488a000 	C:\Program Files\Java\jdk-22\bin\management.dll
0x00007ffc36120000 - 0x00007ffc3612b000 	C:\Program Files\Java\jdk-22\bin\management_ext.dll
0x00007ffc59570000 - 0x00007ffc59578000 	C:\WINDOWS\System32\PSAPI.DLL
0x00007ffc56660000 - 0x00007ffc56694000 	C:\WINDOWS\SYSTEM32\IPHLPAPI.DLL
0x00007ffc58b60000 - 0x00007ffc58b6a000 	C:\WINDOWS\System32\NSI.dll
0x00007ffc2be40000 - 0x00007ffc2be49000 	C:\Program Files\Java\jdk-22\bin\extnet.dll
0x00007ffc57430000 - 0x00007ffc5744b000 	C:\WINDOWS\SYSTEM32\CRYPTSP.dll
0x00007ffc56b60000 - 0x00007ffc56b9a000 	C:\WINDOWS\system32\rsaenh.dll
0x00007ffc57220000 - 0x00007ffc5724b000 	C:\WINDOWS\SYSTEM32\USERENV.dll
0x00007ffc57d40000 - 0x00007ffc57d6a000 	C:\WINDOWS\SYSTEM32\bcrypt.dll
0x00007ffc57450000 - 0x00007ffc5745c000 	C:\WINDOWS\SYSTEM32\CRYPTBASE.dll
0x00007ffc379d0000 - 0x00007ffc379de000 	C:\Program Files\Java\jdk-22\bin\sunmscapi.dll
0x00007ffc58030000 - 0x00007ffc581a7000 	C:\WINDOWS\System32\CRYPT32.dll
0x00007ffc57650000 - 0x00007ffc57680000 	C:\WINDOWS\SYSTEM32\ncrypt.dll
0x00007ffc57600000 - 0x00007ffc5763f000 	C:\WINDOWS\SYSTEM32\NTASN1.dll
0x00007ffc379c0000 - 0x00007ffc379c8000 	C:\WINDOWS\system32\wshunix.dll
0x00007ffc3bc00000 - 0x00007ffc3bc18000 	C:\WINDOWS\system32\napinsp.dll
0x00007ffc566a0000 - 0x00007ffc567cc000 	C:\WINDOWS\SYSTEM32\DNSAPI.dll
0x00007ffc317e0000 - 0x00007ffc317f2000 	C:\WINDOWS\System32\winrnr.dll
0x00007ffc302d0000 - 0x00007ffc302f2000 	C:\WINDOWS\system32\nlansp_c.dll
0x00007ffc458a0000 - 0x00007ffc458b6000 	C:\WINDOWS\system32\wshbth.dll
0x00007ffc49700000 - 0x00007ffc4970b000 	C:\Windows\System32\rasadhlp.dll
0x00007ffc4f290000 - 0x00007ffc4f316000 	C:\WINDOWS\System32\fwpuclnt.dll
0x00007ffc52940000 - 0x00007ffc52947000 	C:\Program Files\Java\jdk-22\bin\rmi.dll
0x00007ffc377b0000 - 0x00007ffc377bb000 	C:\Program Files\Java\jdk-22\bin\le.dll

dbghelp: loaded successfully - version: 4.0.5 - missing functions: none
symbol engine: initialized successfully - sym options: 0x614 - pdb path: .;C:\Program Files\Java\jdk-22\bin;C:\WINDOWS\SYSTEM32;C:\WINDOWS\WinSxS\amd64_microsoft.windows.common-controls_6595b64144ccf1df_6.0.26100.7309_none_3e05feeae336a044;C:\Program Files\Java\jdk-22\bin\server;C:\Users\USER\.gradle\native\1def1411415f61bf3af743bc5b6707747c0891f09f0c88961ee8f79bc544acac\windows-amd64;C:\Users\USER\.gradle\native\0.2.7\x86_64-windows-gnu

VM Arguments:
jvm_args: --add-opens=java.base/java.lang=ALL-UNNAMED --add-opens=java.base/java.lang.invoke=ALL-UNNAMED --add-opens=java.base/java.util=ALL-UNNAMED --add-opens=java.prefs/java.util.prefs=ALL-UNNAMED --add-exports=jdk.compiler/com.sun.tools.javac.api=ALL-UNNAMED --add-exports=jdk.compiler/com.sun.tools.javac.util=ALL-UNNAMED --add-opens=java.base/java.util=ALL-UNNAMED --add-opens=java.prefs/java.util.prefs=ALL-UNNAMED --add-opens=java.base/java.nio.charset=ALL-UNNAMED --add-opens=java.base/java.net=ALL-UNNAMED --add-opens=java.base/java.util.concurrent.atomic=ALL-UNNAMED --add-opens=java.xml/javax.xml.namespace=ALL-UNNAMED -XX:MaxMetaspaceSize=4G -XX:ReservedCodeCacheSize=512m -XX:+HeapDumpOnOutOfMemoryError -Xmx8G -Dfile.encoding=UTF-8 -Duser.country=US -Duser.language=en -Duser.variant -javaagent:C:\Users\USER\.gradle\wrapper\dists\gradle-8.14-all\c2qonpi39x1mddn7hk5gh9iqj\gradle-8.14\lib\agents\gradle-instrumentation-agent-8.14.jar 
java_command: org.gradle.launcher.daemon.bootstrap.GradleDaemon 8.14
java_class_path (initial): C:\Users\USER\.gradle\wrapper\dists\gradle-8.14-all\c2qonpi39x1mddn7hk5gh9iqj\gradle-8.14\lib\gradle-daemon-main-8.14.jar
Launcher Type: SUN_STANDARD

[Global flags]
     intx CICompilerCount                          = 3                                         {product} {ergonomic}
     uint ConcGCThreads                            = 1                                         {product} {ergonomic}
     uint G1ConcRefinementThreads                  = 4                                         {product} {ergonomic}
   size_t G1HeapRegionSize                         = 4194304                                   {product} {ergonomic}
     bool HeapDumpOnOutOfMemoryError               = true                                   {manageable} {command line}
   size_t InitialHeapSize                          = 130023424                                 {product} {ergonomic}
   size_t MarkStackSize                            = 4194304                                   {product} {ergonomic}
   size_t MaxHeapSize                              = 8589934592                                {product} {command line}
   size_t MaxMetaspaceSize                         = 4294967296                                {product} {command line}
   size_t MaxNewSize                               = 5150605312                                {product} {ergonomic}
   size_t MinHeapDeltaBytes                        = 4194304                                   {product} {ergonomic}
   size_t MinHeapSize                              = 8388608                                   {product} {ergonomic}
    uintx NonNMethodCodeHeapSize                   = 5832780                                {pd product} {ergonomic}
    uintx NonProfiledCodeHeapSize                  = 265519066                              {pd product} {ergonomic}
    uintx ProfiledCodeHeapSize                     = 265519066                              {pd product} {ergonomic}
    uintx ReservedCodeCacheSize                    = 536870912                              {pd product} {command line}
     bool SegmentedCodeCache                       = true                                      {product} {ergonomic}
   size_t SoftMaxHeapSize                          = 8589934592                             {manageable} {ergonomic}
     bool UseCompressedOops                        = true                           {product lp64_product} {ergonomic}
     bool UseG1GC                                  = true                                      {product} {ergonomic}
     bool UseLargePagesIndividualAllocation        = false                                  {pd product} {ergonomic}

Logging:
Log output configuration:
 #0: stdout all=warning uptime,level,tags foldmultilines=false
 #1: stderr all=off uptime,level,tags foldmultilines=false

Environment Variables:
JAVA_HOME=C:\Program Files\Java\jdk-22
PATH=C:\Program Files\Common Files\Oracle\Java\javapath;C:\WINDOWS\system32;C:\WINDOWS;C:\WINDOWS\System32\Wbem;C:\WINDOWS\System32\WindowsPowerShell\v1.0\;C:\WINDOWS\System32\OpenSSH\;C:\Program Files\HP\HP One Agent;C:\Program Files\Java\jdk-22\bin;C:\Program Files\Git\cmd;C:\Program Files\nodejs;C:\WINDOWS\system32;C:\WINDOWS;C:\WINDOWS\System32\Wbem;C:\WINDOWS\System32\WindowsPowerShell\v1.0\;C:\WINDOWS\System32\OpenSSH\;C:\Users\USER\Downloads\flutter_windows_3.35.7-stable\flutter\bin;C:\Program Files\cursor\resources\app\bin;C:\Program Files\nodejs\;C:\Users\USER\AppData\Local\Programs\Python\Python312\Scripts\;C:\Users\USER\AppData\Local\Programs\Python\Python312\;C:\Program Files\MySQL\MySQL Shell 8.0\bin\;C:\Users\USER\AppData\Local\Microsoft\WindowsApps;C:\Users\USER\Downloads\flutter_windows_3.35.7-stable\flutter\bin;C:\Users\USER\AppData\Roaming\npm;C:\Users\USER\AppData\Local\Programs\Microsoft VS Code\bin
USERNAME=USER
OS=Windows_NT
PROCESSOR_IDENTIFIER=Intel64 Family 6 Model 140 Stepping 1, GenuineIntel
TMP=C:\Users\USER\AppData\Local\Temp
TEMP=C:\Users\USER\AppData\Local\Temp




Periodic native trim disabled

---------------  S Y S T E M  ---------------

OS:
 Windows 11 , 64 bit Build 26100 (10.0.26100.7623)
OS uptime: 0 days 1:51 hours

CPU: total 4 (initial active 4) (2 cores per cpu, 2 threads per core) family 6 model 140 stepping 1 microcode 0xb4, cx8, cmov, fxsr, ht, mmx, 3dnowpref, sse, sse2, sse3, ssse3, sse4.1, sse4.2, popcnt, lzcnt, tsc, tscinvbit, avx, avx2, aes, erms, clmul, bmi1, bmi2, adx, avx512f, avx512dq, avx512cd, avx512bw, avx512vl, sha, fma, vzeroupper, avx512_vpopcntdq, avx512_vpclmulqdq, avx512_vaes, avx512_vnni, clflush, clflushopt, clwb, avx512_vbmi2, avx512_vbmi, rdtscp, rdpid, fsrm, gfni, avx512_bitalg, f16c, pku, cet_ibt, cet_ss, avx512_ifma
Processor Information for all 4 processors :
  Max Mhz: 2901, Current Mhz: 2901, Mhz Limit: 2901

Memory: 4k page, system-wide physical 7834M (745M free)
TotalPageFile size 17876M (AvailPageFile size 1M)
current process WorkingSet (physical memory assigned to process): 803M, peak: 863M
current process commit charge ("private bytes"): 967M, peak: 967M

vm_info: Java HotSpot(TM) 64-Bit Server VM (22+36-2370) for windows-amd64 JRE (22+36-2370), built on 2024-02-15T22:15:19Z by "mach5one" with MS VC++ 17.6 (VS2022)

END.
